     1 00000000 EB09                        jmp start
     2 00000002 313233343536373839      info db "123456789"
     3                                  
     4                                  start:
     5                                      ;设置段数据段寄存器ds
     6 0000000B B8C007                      mov ax,0x7c0
     7 0000000E 8ED8                        mov ds,ax
     8                                  
     9                                      ;设置栈段寄存器ss
    10 00000010 8CC8                        mov ax,cs
    11 00000012 8ED0                        mov ss,ax
    12                                      ;清零栈偏移寄存器sp
    13 00000014 BC0000                      mov sp,0
    14                                  
    15                                      ;设置循环次数
    16 00000017 B90900                      mov cx,start-info
    17                                      ;使用变址寄存器si
    18 0000001A BE[0200]                    mov si,info
    19 0000001D 31C0                        xor ax,ax
    20                                  push_stack:
    21 0000001F 8A04                        mov al,[si] 
    22 00000021 50                          push ax
    23 00000022 46                          inc si
    24 00000023 E2FA                        loop push_stack
    25                                  
    26 00000025 B90900                      mov cx,start-info
    27                                      ;使用变址寄存器di
    28 00000028 BF[0200]                    mov di,info
    29 0000002B 31C0                        xor ax,ax
    30                                  pop_stack:
    31 0000002D 58                          pop ax
    32 0000002E 8805                        mov [di],al
    33 00000030 47                          inc di
    34 00000031 E2FA                        loop pop_stack
    35                                  
    36 00000033 BB00B8                      mov bx,0xb800
    37 00000036 8EC3                        mov es,bx
    38 00000038 BE[0200]                    mov si,info
    39                                      ;设置loop次数
    40 0000003B B90900                      mov cx,start-info
    41 0000003E 31DB                        xor bx,bx
    42                                  show_num:
    43 00000040 8A04                        mov al,[si]
    44 00000042 268807                      mov [es:bx],al 
    45 00000045 43                          inc bx
    46 00000046 26C60707                    mov byte [es:bx],0x07
    47 0000004A 43                          inc bx
    48 0000004B 46                          inc si
    49 0000004C E2F2                        loop show_num
    50                                  
    51 0000004E EBFE                        jmp $
    52                                  
    53 00000050 00<rep 1AEh>                times 510-($-$$) db 0
    54 000001FE 55AA                        db 0x55,0xaa
    55                                  
    56                                  
